2018-03-20T20:55:51.176+0000 I CONTROL  [initandlisten] MongoDB starting : pid=94309 port=45001 dbpath=./data/cork/shard0/rs0 64-bit host=Crown.local
2018-03-20T20:55:51.177+0000 I CONTROL  [initandlisten] db version v3.6.2
2018-03-20T20:55:51.177+0000 I CONTROL  [initandlisten] git version: 489d177dbd0f0420a8ca04d39fd78d0a2c539420
2018-03-20T20:55:51.177+0000 I CONTROL  [initandlisten] OpenSSL version: OpenSSL 1.0.2n  7 Dec 2017
2018-03-20T20:55:51.177+0000 I CONTROL  [initandlisten] allocator: system
2018-03-20T20:55:51.177+0000 I CONTROL  [initandlisten] modules: none
2018-03-20T20:55:51.177+0000 I CONTROL  [initandlisten] build environment:
2018-03-20T20:55:51.177+0000 I CONTROL  [initandlisten]     distarch: x86_64
2018-03-20T20:55:51.177+0000 I CONTROL  [initandlisten]     target_arch: x86_64
2018-03-20T20:55:51.177+0000 I CONTROL  [initandlisten] options: { net: { port: 45001 }, replication: { replSet: "s0" }, sharding: { clusterRole: "shardsvr" }, storage: { dbPath: "./data/cork/shard0/rs0", mmapv1: { smallFiles: true } }, systemLog: { destination: "file", path: "./data/cork/logs/s0-r0.log" } }
2018-03-20T20:55:51.178+0000 I STORAGE  [initandlisten] wiredtiger_open config: create,cache_size=1536M,session_max=20000,eviction=(threads_min=4,threads_max=4),config_base=false,statistics=(fast),log=(enabled=true,archive=true,path=journal,compressor=snappy),file_manager=(close_idle_time=100000),statistics_log=(wait=0),verbose=(recovery_progress),
2018-03-20T20:55:51.391+0000 W STORAGE  [initandlisten] Detected configuration for non-active storage engine mmapv1 when current storage engine is wiredTiger
2018-03-20T20:55:51.391+0000 I CONTROL  [initandlisten] 
2018-03-20T20:55:51.391+0000 I CONTROL  [initandlisten] ** WARNING: Access control is not enabled for the database.
2018-03-20T20:55:51.391+0000 I CONTROL  [initandlisten] **          Read and write access to data and configuration is unrestricted.
2018-03-20T20:55:51.391+0000 I CONTROL  [initandlisten] 
2018-03-20T20:55:51.391+0000 I CONTROL  [initandlisten] ** WARNING: This server is bound to localhost.
2018-03-20T20:55:51.391+0000 I CONTROL  [initandlisten] **          Remote systems will be unable to connect to this server. 
2018-03-20T20:55:51.391+0000 I CONTROL  [initandlisten] **          Start the server with --bind_ip <address> to specify which IP 
2018-03-20T20:55:51.391+0000 I CONTROL  [initandlisten] **          addresses it should serve responses from, or with --bind_ip_all to
2018-03-20T20:55:51.391+0000 I CONTROL  [initandlisten] **          bind to all interfaces. If this behavior is desired, start the
2018-03-20T20:55:51.391+0000 I CONTROL  [initandlisten] **          server with --bind_ip 127.0.0.1 to disable this warning.
2018-03-20T20:55:51.391+0000 I CONTROL  [initandlisten] 
2018-03-20T20:55:51.394+0000 W SHARDING [initandlisten] Started with --shardsvr, but no shardIdentity document was found on disk in admin.system.version. This most likely means this server has not yet been added to a sharded cluster.
2018-03-20T20:55:51.394+0000 I STORAGE  [initandlisten] createCollection: local.startup_log with no UUID.
2018-03-20T20:55:51.459+0000 I FTDC     [initandlisten] Initializing full-time diagnostic data capture with directory './data/cork/shard0/rs0/diagnostic.data'
2018-03-20T20:55:51.461+0000 I STORAGE  [initandlisten] createCollection: local.me with no UUID.
2018-03-20T20:55:51.506+0000 I STORAGE  [initandlisten] createCollection: local.replset.minvalid with no UUID.
2018-03-20T20:55:51.595+0000 I REPL     [initandlisten] Did not find local voted for document at startup.
2018-03-20T20:55:51.596+0000 I REPL     [initandlisten] Did not find local Rollback ID document at startup. Creating one.
2018-03-20T20:55:51.596+0000 I STORAGE  [initandlisten] createCollection: local.system.rollback.id with no UUID.
2018-03-20T20:55:51.636+0000 I REPL     [initandlisten] Initialized the rollback ID to 1
2018-03-20T20:55:51.637+0000 I REPL     [initandlisten] Did not find local replica set configuration document at startup;  NoMatchingDocument: Did not find replica set configuration document in local.system.replset
2018-03-20T20:55:51.638+0000 I NETWORK  [initandlisten] waiting for connections on port 45001
2018-03-20T20:57:56.802+0000 I CONTROL  [signalProcessingThread] got signal 2 (Interrupt: 2), will terminate after current cmd ends
2018-03-20T20:57:56.811+0000 I NETWORK  [signalProcessingThread] shutdown: going to close listening sockets...
2018-03-20T20:57:56.811+0000 I NETWORK  [signalProcessingThread] removing socket file: /tmp/mongodb-45001.sock
2018-03-20T20:57:56.811+0000 I REPL     [signalProcessingThread] shutdown: removing all drop-pending collections...
2018-03-20T20:57:56.811+0000 I REPL     [signalProcessingThread] shutdown: removing checkpointTimestamp collection...
2018-03-20T20:57:56.812+0000 I REPL     [signalProcessingThread] shutting down replication subsystems
2018-03-20T20:57:56.812+0000 I FTDC     [signalProcessingThread] Shutting down full-time diagnostic data capture
2018-03-20T20:57:56.815+0000 I STORAGE  [signalProcessingThread] WiredTigerKVEngine shutting down
2018-03-20T20:57:57.574+0000 I STORAGE  [signalProcessingThread] WiredTiger message [1521579477:574663][94309:0x7000048b2000], txn-recover: Main recovery loop: starting at 1/22400
2018-03-20T20:57:57.719+0000 I STORAGE  [signalProcessingThread] WiredTiger message [1521579477:719982][94309:0x7000048b2000], txn-recover: Recovering log 1 through 2
2018-03-20T20:57:57.817+0000 I STORAGE  [signalProcessingThread] WiredTiger message [1521579477:817565][94309:0x7000048b2000], txn-recover: Recovering log 2 through 2
2018-03-20T20:57:58.265+0000 I STORAGE  [signalProcessingThread] shutdown: removing fs lock...
2018-03-20T20:57:58.265+0000 I CONTROL  [signalProcessingThread] now exiting
2018-03-20T20:57:58.265+0000 I CONTROL  [signalProcessingThread] shutting down with code:0
